<?xml version="1.0" encoding="UTF-8" ?>
<testsuite errors="0" failures="0" hostname="gilda.unidata.ucar.edu" name="edu.ucar.unidata.dynaccn.ConnectionTest" tests="1" time="0.078" timestamp="2010-04-08T21:06:41">
  <properties>
    <property name="java.runtime.name" value="Java(TM) SE Runtime Environment" />
    <property name="sun.boot.library.path" value="/usr/java/jdk1.6.0_12/jre/lib/i386" />
    <property name="java.vm.version" value="11.2-b01" />
    <property name="ant.library.dir" value="/usr/share/ant/lib" />
    <property name="ant.version" value="Apache Ant version 1.7.1 compiled on October 1 2008" />
    <property name="ant.java.version" value="1.6" />
    <property name="java.vm.vendor" value="Sun Microsystems Inc." />
    <property name="java.vendor.url" value="http://java.sun.com/" />
    <property name="path.separator" value=":" />
    <property name="java.vm.name" value="Java HotSpot(TM) Server VM" />
    <property name="file.encoding.pkg" value="sun.io" />
    <property name="user.country" value="US" />
    <property name="sun.java.launcher" value="SUN_STANDARD" />
    <property name="sun.os.patch.level" value="unknown" />
    <property name="ant.file.dynaCCN" value="/home/steve/java/dynaCCN/build.xml" />
    <property name="java.vm.specification.name" value="Java Virtual Machine Specification" />
    <property name="user.dir" value="/home/steve/java/dynaCCN" />
    <property name="java.runtime.version" value="1.6.0_12-b04" />
    <property name="java.awt.graphicsenv" value="sun.awt.X11GraphicsEnvironment" />
    <property name="basedir" value="/home/steve/java/dynaCCN" />
    <property name="java.endorsed.dirs" value="/usr/java/jdk1.6.0_12/jre/lib/endorsed" />
    <property name="os.arch" value="i386" />
    <property name="java.io.tmpdir" value="/tmp" />
    <property name="ant.core.lib" value="/usr/share/java/ant-1.7.1.jar" />
    <property name="line.separator" value="
" />
    <property name="java.vm.specification.vendor" value="Sun Microsystems Inc." />
    <property name="os.name" value="Linux" />
    <property name="ant.home" value="/usr/share/ant" />
    <property name="junit-jar" value="/usr/local/junit4.4/junit-4.4.jar" />
    <property name="ant.project.name" value="dynaCCN" />
    <property name="sun.jnu.encoding" value="UTF-8" />
    <property name="java.library.path" value="/usr/java/jdk1.6.0_12/jre/lib/i386/server:/usr/java/jdk1.6.0_12/jre/lib/i386:/usr/java/jdk1.6.0_12/jre/../lib/i386:/usr/java/packages/lib/i386:/lib:/usr/lib" />
    <property name="java.specification.name" value="Java Platform API Specification" />
    <property name="java.class.version" value="50.0" />
    <property name="sun.management.compiler" value="HotSpot Tiered Compilers" />
    <property name="os.version" value="2.6.27.41-170.2.117.fc10.x86_64" />
    <property name="ant.file" value="/home/steve/java/dynaCCN/build.xml" />
    <property name="user.home" value="/home/steve" />
    <property name="user.timezone" value="" />
    <property name="java.awt.printerjob" value="sun.print.PSPrinterJob" />
    <property name="file.encoding" value="UTF-8" />
    <property name="java.specification.version" value="1.6" />
    <property name="password" value="doDah-man" />
    <property name="user.name" value="steve" />
    <property name="java.class.path" value="/home/steve/java/dynaCCN/bin:/usr/local/junit4.4/junit-4.4.jar:/usr/share/java/junit-3.8.2.jar:/usr/share/java/ant-launcher-1.7.1.jar:/usr/share/java/ant-1.7.1.jar:/usr/share/java/ant/ant-junit-1.7.1.jar" />
    <property name="java.vm.specification.version" value="1.0" />
    <property name="java.home" value="/usr/java/jdk1.6.0_12/jre" />
    <property name="sun.arch.data.model" value="32" />
    <property name="java.specification.vendor" value="Sun Microsystems Inc." />
    <property name="bin-dir" value="bin" />
    <property name="user.language" value="en" />
    <property name="java.vm.info" value="mixed mode" />
    <property name="java.version" value="1.6.0_12" />
    <property name="java.ext.dirs" value="/usr/java/jdk1.6.0_12/jre/lib/ext:/usr/java/packages/lib/ext" />
    <property name="sun.boot.class.path" value="/usr/java/jdk1.6.0_12/jre/lib/resources.jar:/usr/java/jdk1.6.0_12/jre/lib/rt.jar:/usr/java/jdk1.6.0_12/jre/lib/sunrsasign.jar:/usr/java/jdk1.6.0_12/jre/lib/jsse.jar:/usr/java/jdk1.6.0_12/jre/lib/jce.jar:/usr/java/jdk1.6.0_12/jre/lib/charsets.jar:/usr/java/jdk1.6.0_12/jre/classes" />
    <property name="java.vendor" value="Sun Microsystems Inc." />
    <property name="file.separator" value="/" />
    <property name="java.vendor.url.bug" value="http://java.sun.com/cgi-bin/bugreport.cgi" />
    <property name="sun.io.unicode.encoding" value="UnicodeLittle" />
    <property name="sun.cpu.endian" value="little" />
    <property name="sun.desktop" value="gnome" />
    <property name="sun.cpu.isalist" value="" />
  </properties>
  <testcase classname="edu.ucar.unidata.dynaccn.ConnectionTest" name="testConnection" time="0.013" />
  <system-out><![CDATA[]]></system-out>
  <system-err><![CDATA[]]></system-err>
</testsuite>
